1778646158	REQUEST	http://example.com/
1778646220	REQUEST	http://example.com/
1778646220	REQUEST	http://www.wikipedia.org/
1778646280	REQUEST	http://www.github.com/
1778646281	REQUEST	http://www.stackoverflow.com/
1778646281	REQUEST	http://www.python.org/
1778646281	REQUEST	http://www.ruby-lang.org/
1778646282	REQUEST	http://www.mozilla.org/
1778646282	REQUEST	http://www.w3.org/
1778646282	REQUEST	http://www.ietf.org/
1778646283	REQUEST	http://www.debian.org/
1778646284	REQUEST	http://example.com/
1778646285	REQUEST	http://www.wikipedia.org/
1778646345	REQUEST	http://www.github.com/
1778646345	REQUEST	http://www.stackoverflow.com/
1778646346	REQUEST	http://www.python.org/
1778646346	REQUEST	http://www.ruby-lang.org/
1778646346	REQUEST	http://www.mozilla.org/
1778646347	REQUEST	http://www.w3.org/
1778646347	REQUEST	http://www.ietf.org/
1778646347	REQUEST	http://www.debian.org/
1778646349	REQUEST	http://example.com/
1778646349	REQUEST	http://www.wikipedia.org/
1778646409	REQUEST	http://www.github.com/
1778646410	REQUEST	http://www.stackoverflow.com/
1778646410	REQUEST	http://www.python.org/
1778646411	REQUEST	http://www.ruby-lang.org/
1778646411	REQUEST	http://www.mozilla.org/
1778646411	REQUEST	http://www.w3.org/
1778646412	REQUEST	http://www.ietf.org/
1778646412	REQUEST	http://www.debian.org/
1778646413	REQUEST	http://example.com/
1778646414	REQUEST	http://www.wikipedia.org/
1778646474	REQUEST	http://www.github.com/
1778646474	REQUEST	http://www.stackoverflow.com/
1778646474	REQUEST	http://www.python.org/
1778646475	REQUEST	http://www.ruby-lang.org/
1778646475	REQUEST	http://www.mozilla.org/
1778646475	REQUEST	http://www.w3.org/
1778646476	REQUEST	http://www.ietf.org/
1778646476	REQUEST	http://www.debian.org/
1778646477	REQUEST	http://example.com/
1778646477	REQUEST	http://www.wikipedia.org/
1778646508	REQUEST	http://example.com/
1778646509	REQUEST	http://www.wikipedia.org/
1778646537	REQUEST	http://www.github.com/
1778646569	REQUEST	http://www.github.com/
1778646773	REQUEST	http://example.com/
1778646773	REQUEST	http://example.com/
1778646773	REQUEST	http://example.com/
1778646773	REQUEST	http://example.com/
1778646773	REQUEST	http://example.com/
1778646773	REQUEST	http://www.wikipedia.org/
1778646773	REQUEST	http://www.wikipedia.org/
1778646773	REQUEST	http://www.wikipedia.org/
1778646773	REQUEST	http://www.wikipedia.org/
1778646773	REQUEST	http://www.wikipedia.org/
1778646833	REQUEST	http://www.github.com/
1778646833	REQUEST	http://www.github.com/
1778646833	REQUEST	http://www.github.com/
1778646833	REQUEST	http://www.github.com/
1778646833	REQUEST	http://www.github.com/
1778647037	REQUEST	http://example.com/
1778647037	REQUEST	http://example.com/
1778647037	REQUEST	http://example.com/
1778647037	REQUEST	http://example.com/
1778647037	REQUEST	http://example.com/
1778647038	REQUEST	http://www.wikipedia.org/
1778647038	REQUEST	http://www.wikipedia.org/
1778647038	REQUEST	http://www.wikipedia.org/
1778647038	REQUEST	http://www.wikipedia.org/
1778647038	REQUEST	http://www.wikipedia.org/
1778647038	REQUEST	http://example.com/
1778647038	REQUEST	http://example.com/
1778647038	REQUEST	http://example.com/
1778647038	REQUEST	http://example.com/
1778647038	REQUEST	http://example.com/
1778647039	REQUEST	http://www.wikipedia.org/
1778647039	REQUEST	http://www.wikipedia.org/
1778647039	REQUEST	http://www.wikipedia.org/
1778647039	REQUEST	http://www.wikipedia.org/
1778647039	REQUEST	http://www.wikipedia.org/
1778647098	REQUEST	http://www.github.com/
1778647098	REQUEST	http://www.github.com/
1778647098	REQUEST	http://www.github.com/
1778647098	REQUEST	http://www.github.com/
1778647098	REQUEST	http://www.github.com/
1778647099	REQUEST	http://www.github.com/
1778647099	REQUEST	http://www.github.com/
1778647099	REQUEST	http://www.github.com/
1778647099	REQUEST	http://www.github.com/
1778647099	REQUEST	http://www.github.com/
1778647302	REQUEST	http://example.com/
1778647302	REQUEST	http://example.com/
1778647302	REQUEST	http://example.com/
1778647302	REQUEST	http://example.com/
1778647302	REQUEST	http://example.com/
1778647302	REQUEST	http://www.wikipedia.org/
1778647302	REQUEST	http://www.wikipedia.org/
1778647302	REQUEST	http://www.wikipedia.org/
1778647302	REQUEST	http://www.wikipedia.org/
1778647302	REQUEST	http://www.wikipedia.org/
1778647303	REQUEST	http://example.com/
1778647303	REQUEST	http://example.com/
1778647303	REQUEST	http://example.com/
1778647303	REQUEST	http://example.com/
1778647303	REQUEST	http://example.com/
1778647303	REQUEST	http://www.wikipedia.org/
1778647303	REQUEST	http://www.wikipedia.org/
1778647303	REQUEST	http://www.wikipedia.org/
1778647303	REQUEST	http://www.wikipedia.org/
1778647303	REQUEST	http://www.wikipedia.org/
1778647304	REQUEST	http://example.com/
1778647304	REQUEST	http://example.com/
1778647304	REQUEST	http://example.com/
1778647304	REQUEST	http://example.com/
1778647304	REQUEST	http://example.com/
1778647304	REQUEST	http://www.wikipedia.org/
1778647304	REQUEST	http://www.wikipedia.org/
1778647304	REQUEST	http://www.wikipedia.org/
1778647304	REQUEST	http://www.wikipedia.org/
1778647304	REQUEST	http://www.wikipedia.org/
1778647305	REQUEST	http://example.com/
1778647305	REQUEST	http://example.com/
1778647305	REQUEST	http://example.com/
1778647305	REQUEST	http://example.com/
1778647305	REQUEST	http://example.com/
1778647305	REQUEST	http://www.wikipedia.org/
1778647305	REQUEST	http://www.wikipedia.org/
1778647305	REQUEST	http://www.wikipedia.org/
1778647305	REQUEST	http://www.wikipedia.org/
1778647305	REQUEST	http://www.wikipedia.org/
1778647306	REQUEST	http://example.com/
1778647306	REQUEST	http://example.com/
1778647306	REQUEST	http://example.com/
1778647306	REQUEST	http://example.com/
1778647306	REQUEST	http://example.com/
1778647306	REQUEST	http://www.wikipedia.org/
1778647306	REQUEST	http://www.wikipedia.org/
1778647306	REQUEST	http://www.wikipedia.org/
1778647306	REQUEST	http://www.wikipedia.org/
1778647306	REQUEST	http://www.wikipedia.org/
1778647362	REQUEST	http://www.github.com/
1778647362	REQUEST	http://www.github.com/
1778647362	REQUEST	http://www.github.com/
1778647362	REQUEST	http://www.github.com/
1778647362	REQUEST	http://www.github.com/
1778647363	REQUEST	http://www.github.com/
1778647363	REQUEST	http://www.github.com/
1778647363	REQUEST	http://www.github.com/
1778647363	REQUEST	http://www.github.com/
1778647363	REQUEST	http://www.github.com/
1778647364	REQUEST	http://www.github.com/
1778647364	REQUEST	http://www.github.com/
1778647364	REQUEST	http://www.github.com/
1778647364	REQUEST	http://www.github.com/
1778647364	REQUEST	http://www.github.com/
1778647365	REQUEST	http://www.github.com/
1778647365	REQUEST	http://www.github.com/
1778647365	REQUEST	http://www.github.com/
1778647365	REQUEST	http://www.github.com/
1778647365	REQUEST	http://www.github.com/
1778647366	REQUEST	http://www.github.com/
1778647366	REQUEST	http://www.github.com/
1778647366	REQUEST	http://www.github.com/
1778647366	REQUEST	http://www.github.com/
1778647366	REQUEST	http://www.github.com/
1778647566	REQUEST	http://example.com/
1778647566	REQUEST	http://example.com/
1778647566	REQUEST	http://example.com/
1778647566	REQUEST	http://example.com/
1778647566	REQUEST	http://example.com/
1778647567	REQUEST	http://www.wikipedia.org/
1778647567	REQUEST	http://www.wikipedia.org/
1778647567	REQUEST	http://www.wikipedia.org/
1778647567	REQUEST	http://www.wikipedia.org/
1778647567	REQUEST	http://www.wikipedia.org/
1778647567	REQUEST	http://example.com/
1778647567	REQUEST	http://example.com/
1778647567	REQUEST	http://example.com/
1778647567	REQUEST	http://example.com/
1778647567	REQUEST	http://example.com/
1778647568	REQUEST	http://www.wikipedia.org/
1778647568	REQUEST	http://www.wikipedia.org/
1778647568	REQUEST	http://www.wikipedia.org/
1778647568	REQUEST	http://www.wikipedia.org/
1778647568	REQUEST	http://www.wikipedia.org/
1778647568	REQUEST	http://example.com/
1778647568	REQUEST	http://example.com/
1778647568	REQUEST	http://example.com/
1778647568	REQUEST	http://example.com/
1778647568	REQUEST	http://example.com/
1778647569	REQUEST	http://www.wikipedia.org/
1778647569	REQUEST	http://www.wikipedia.org/
1778647569	REQUEST	http://www.wikipedia.org/
1778647569	REQUEST	http://www.wikipedia.org/
1778647569	REQUEST	http://www.wikipedia.org/
1778647569	REQUEST	http://example.com/
1778647569	REQUEST	http://example.com/
1778647569	REQUEST	http://example.com/
1778647569	REQUEST	http://example.com/
1778647569	REQUEST	http://example.com/
1778647570	REQUEST	http://www.wikipedia.org/
1778647570	REQUEST	http://www.wikipedia.org/
1778647570	REQUEST	http://www.wikipedia.org/
1778647570	REQUEST	http://www.wikipedia.org/
1778647570	REQUEST	http://www.wikipedia.org/
1778647570	REQUEST	http://example.com/
1778647570	REQUEST	http://example.com/
1778647570	REQUEST	http://example.com/
1778647570	REQUEST	http://example.com/
1778647570	REQUEST	http://example.com/
1778647571	REQUEST	http://www.wikipedia.org/
1778647571	REQUEST	http://www.wikipedia.org/
1778647571	REQUEST	http://www.wikipedia.org/
1778647571	REQUEST	http://www.wikipedia.org/
1778647571	REQUEST	http://www.wikipedia.org/
1778647571	REQUEST	http://example.com/
1778647571	REQUEST	http://example.com/
1778647571	REQUEST	http://example.com/
1778647571	REQUEST	http://example.com/
1778647571	REQUEST	http://example.com/
1778647572	REQUEST	http://www.wikipedia.org/
1778647572	REQUEST	http://www.wikipedia.org/
1778647572	REQUEST	http://www.wikipedia.org/
1778647572	REQUEST	http://www.wikipedia.org/
1778647572	REQUEST	http://www.wikipedia.org/
1778647572	REQUEST	http://example.com/
1778647572	REQUEST	http://example.com/
1778647572	REQUEST	http://example.com/
1778647572	REQUEST	http://example.com/
1778647572	REQUEST	http://example.com/
1778647573	REQUEST	http://www.wikipedia.org/
1778647573	REQUEST	http://www.wikipedia.org/
1778647573	REQUEST	http://www.wikipedia.org/
1778647573	REQUEST	http://www.wikipedia.org/
1778647573	REQUEST	http://www.wikipedia.org/
1778647573	REQUEST	http://example.com/
1778647573	REQUEST	http://example.com/
1778647573	REQUEST	http://example.com/
1778647573	REQUEST	http://example.com/
1778647573	REQUEST	http://example.com/
1778647574	REQUEST	http://www.wikipedia.org/
1778647574	REQUEST	http://www.wikipedia.org/
1778647574	REQUEST	http://www.wikipedia.org/
1778647574	REQUEST	http://www.wikipedia.org/
1778647574	REQUEST	http://www.wikipedia.org/
1778647574	REQUEST	http://example.com/
1778647574	REQUEST	http://example.com/
1778647574	REQUEST	http://example.com/
1778647574	REQUEST	http://example.com/
1778647574	REQUEST	http://example.com/
1778647575	REQUEST	http://www.wikipedia.org/
1778647575	REQUEST	http://www.wikipedia.org/
1778647575	REQUEST	http://www.wikipedia.org/
1778647575	REQUEST	http://www.wikipedia.org/
1778647575	REQUEST	http://www.wikipedia.org/
1778647575	REQUEST	http://example.com/
1778647575	REQUEST	http://example.com/
1778647575	REQUEST	http://example.com/
1778647575	REQUEST	http://example.com/
1778647575	REQUEST	http://example.com/
1778647576	REQUEST	http://www.wikipedia.org/
1778647576	REQUEST	http://www.wikipedia.org/
1778647576	REQUEST	http://www.wikipedia.org/
1778647576	REQUEST	http://www.wikipedia.org/
1778647576	REQUEST	http://www.wikipedia.org/
1778647627	REQUEST	http://www.github.com/
1778647627	REQUEST	http://www.github.com/
1778647627	REQUEST	http://www.github.com/
1778647627	REQUEST	http://www.github.com/
1778647627	REQUEST	http://www.github.com/
1778647628	REQUEST	http://www.github.com/
1778647628	REQUEST	http://www.github.com/
1778647628	REQUEST	http://www.github.com/
1778647628	REQUEST	http://www.github.com/
1778647628	REQUEST	http://www.github.com/
1778647629	REQUEST	http://www.github.com/
1778647629	REQUEST	http://www.github.com/
1778647629	REQUEST	http://www.github.com/
1778647629	REQUEST	http://www.github.com/
1778647629	REQUEST	http://www.github.com/
1778647630	REQUEST	http://www.github.com/
1778647630	REQUEST	http://www.github.com/
1778647630	REQUEST	http://www.github.com/
1778647630	REQUEST	http://www.github.com/
1778647630	REQUEST	http://www.github.com/
1778647631	REQUEST	http://www.github.com/
1778647631	REQUEST	http://www.github.com/
1778647631	REQUEST	http://www.github.com/
1778647631	REQUEST	http://www.github.com/
1778647631	REQUEST	http://www.github.com/
1778647632	REQUEST	http://www.github.com/
1778647632	REQUEST	http://www.github.com/
1778647632	REQUEST	http://www.github.com/
1778647632	REQUEST	http://www.github.com/
1778647632	REQUEST	http://www.github.com/
1778647633	REQUEST	http://www.github.com/
1778647633	REQUEST	http://www.github.com/
1778647633	REQUEST	http://www.github.com/
1778647633	REQUEST	http://www.github.com/
1778647633	REQUEST	http://www.github.com/
1778647634	REQUEST	http://www.github.com/
1778647634	REQUEST	http://www.github.com/
1778647634	REQUEST	http://www.github.com/
1778647634	REQUEST	http://www.github.com/
1778647634	REQUEST	http://www.github.com/
1778647635	REQUEST	http://www.github.com/
1778647635	REQUEST	http://www.github.com/
1778647635	REQUEST	http://www.github.com/
1778647635	REQUEST	http://www.github.com/
1778647635	REQUEST	http://www.github.com/
1778647636	REQUEST	http://www.github.com/
1778647636	REQUEST	http://www.github.com/
1778647636	REQUEST	http://www.github.com/
1778647636	REQUEST	http://www.github.com/
1778647636	REQUEST	http://www.github.com/
